[INFO] Scanning for projects...
[INFO] 
[INFO] ------------------< org.example.local.job:simple_job >------------------
[INFO] Building LOCAL simple_job-0.1.0 (0.1,Jobs) 0.1.0
[INFO]   from pom.xml
[INFO] --------------------------------[ jar ]---------------------------------
[WARNING] The POM for org.talend.components:talendcsv:jar:1.1.0 is missing, no dependency information available
[INFO] 
[INFO] --- resources:3.3.1:resources (default-resources) @ simple_job ---
[WARNING] Using platform encoding (UTF-8 actually) to copy filtered resources, i.e. build is platform dependent!
[INFO] Copying 3 resources from src\main\resources to target\classes
[INFO] 
[INFO] --- compiler:3.11.0:compile (default-compile) @ simple_job ---
[INFO] Not compiling main sources
[INFO] 
[INFO] --- resources:3.3.1:testResources (default-testResources) @ simple_job ---
[INFO] Not copying test resources
[INFO] 
[INFO] --- compiler:3.11.0:testCompile (default-testCompile) @ simple_job ---
[INFO] Not compiling test sources
[INFO] 
[INFO] --- surefire:2.22.2:test (default-test) @ simple_job ---
[WARNING] Parameter 'localRepository' is deprecated core expression; Avoid use of ArtifactRepository type. If you need access to local repository, switch to '${repositorySystemSession}' expression and get LRM from it instead.
[INFO] Tests are skipped.
[INFO] 
[INFO] --- jar:3.3.0:jar (default-jar) @ simple_job ---
[INFO] Building jar: C:\Users\mehdi.meksi\workspace\LOCAL\poms\jobs\process\simple_job_0.1\target\simple_job_0_1.jar
[INFO] 
[INFO] --- assembly:3.6.0:single (default) @ simple_job ---
[INFO] Reading assembly descriptor: C:\Users\mehdi.meksi\workspace\LOCAL\poms\jobs\process\simple_job_0.1/src/main/assemblies/assembly.xml
[INFO] Building zip: C:\Users\mehdi.meksi\workspace\LOCAL\poms\jobs\process\simple_job_0.1\target\simple_job_0_1.zip
[INFO] ------------------------------------------------------------------------
[INFO] BUILD SUCCESS
[INFO] ------------------------------------------------------------------------
[INFO] Total time:  7.246 s
[INFO] Finished at: 2025-07-14T14:58:20+02:00
[INFO] ------------------------------------------------------------------------
